<?xml version="1.0" encoding="UTF-8"?>
<testsuite name="com.reactive.cashout.controller.CashoutControllerIntegrationTest" tests="1" skipped="0" failures="0" errors="0" timestamp="2024-09-27T17:05:09" hostname="LAURAVGARZONG" time="2.629">
  <properties/>
  <testcase name="testGetCashoutsByUserId()" classname="com.reactive.cashout.controller.CashoutControllerIntegrationTest" time="2.629"/>
  <system-out><![CDATA[12:04:59.672 [Test worker] INFO org.springframework.test.context.support.AnnotationConfigContextLoaderUtils -- Could not detect default configuration classes for test class [com.reactive.cashout.controller.CashoutControllerIntegrationTest]: CashoutControllerIntegrationTest does not declare any static, non-private, non-final, nested classes annotated with @Configuration.
12:04:59.834 [Test worker] INFO org.springframework.boot.test.context.SpringBootTestContextBootstrapper -- Found @SpringBootConfiguration com.reactive.cashout.CashoutApplication for test class com.reactive.cashout.controller.CashoutControllerIntegrationTest

  .   ____          _            __ _ _
 /\\ / ___'_ __ _ _(_)_ __  __ _ \ \ \ \
( ( )\___ | '_ | '_| | '_ \/ _` | \ \ \ \
 \\/  ___)| |_)| | | | | || (_| |  ) ) ) )
  '  |____| .__|_| |_|_| |_\__, | / / / /
 =========|_|==============|___/=/_/_/_/

 :: Spring Boot ::                (v3.3.4)

2024-09-27T12:05:01.766-05:00  INFO 11636 --- [cashout] [    Test worker] c.r.c.c.CashoutControllerIntegrationTest : Starting CashoutControllerIntegrationTest using Java 17.0.12 with PID 11636 (started by lvgar in C:\Users\lvgar\Downloads\Java Reactivo\cashout)
2024-09-27T12:05:01.769-05:00  INFO 11636 --- [cashout] [    Test worker] c.r.c.c.CashoutControllerIntegrationTest : No active profile set, falling back to 1 default profile: "default"
2024-09-27T12:05:02.510-05:00  INFO 11636 --- [cashout] [    Test worker] .s.d.r.c.RepositoryConfigurationDelegate : Multiple Spring Data modules found, entering strict repository configuration mode
2024-09-27T12:05:02.512-05:00  INFO 11636 --- [cashout] [    Test worker] .s.d.r.c.RepositoryConfigurationDelegate : Bootstrapping Spring Data JPA repositories in DEFAULT mode.
2024-09-27T12:05:02.549-05:00  INFO 11636 --- [cashout] [    Test worker] .RepositoryConfigurationExtensionSupport : Spring Data JPA - Could not safely identify store assignment for repository candidate interface com.reactive.cashout.repository.CashoutRepository; If you want this repository to be a JPA repository, consider annotating your entities with one of these annotations: jakarta.persistence.Entity, jakarta.persistence.MappedSuperclass (preferred), or consider extending one of the following types with your repository: org.springframework.data.jpa.repository.JpaRepository
2024-09-27T12:05:02.551-05:00  INFO 11636 --- [cashout] [    Test worker] .RepositoryConfigurationExtensionSupport : Spring Data JPA - Could not safely identify store assignment for repository candidate interface com.reactive.cashout.repository.PaymentRepository; If you want this repository to be a JPA repository, consider annotating your entities with one of these annotations: jakarta.persistence.Entity, jakarta.persistence.MappedSuperclass (preferred), or consider extending one of the following types with your repository: org.springframework.data.jpa.repository.JpaRepository
2024-09-27T12:05:02.553-05:00  INFO 11636 --- [cashout] [    Test worker] .RepositoryConfigurationExtensionSupport : Spring Data JPA - Could not safely identify store assignment for repository candidate interface com.reactive.cashout.repository.TransactionHistoryRepository; If you want this repository to be a JPA repository, consider annotating your entities with one of these annotations: jakarta.persistence.Entity, jakarta.persistence.MappedSuperclass (preferred), or consider extending one of the following types with your repository: org.springframework.data.jpa.repository.JpaRepository
2024-09-27T12:05:02.554-05:00  INFO 11636 --- [cashout] [    Test worker] .RepositoryConfigurationExtensionSupport : Spring Data JPA - Could not safely identify store assignment for repository candidate interface com.reactive.cashout.repository.UserRepository; If you want this repository to be a JPA repository, consider annotating your entities with one of these annotations: jakarta.persistence.Entity, jakarta.persistence.MappedSuperclass (preferred), or consider extending one of the following types with your repository: org.springframework.data.jpa.repository.JpaRepository
2024-09-27T12:05:02.555-05:00  INFO 11636 --- [cashout] [    Test worker] .s.d.r.c.RepositoryConfigurationDelegate : Finished Spring Data repository scanning in 33 ms. Found 0 JPA repository interfaces.
2024-09-27T12:05:02.615-05:00  INFO 11636 --- [cashout] [    Test worker] .s.d.r.c.RepositoryConfigurationDelegate : Multiple Spring Data modules found, entering strict repository configuration mode
2024-09-27T12:05:02.616-05:00  INFO 11636 --- [cashout] [    Test worker] .s.d.r.c.RepositoryConfigurationDelegate : Bootstrapping Spring Data Reactive MongoDB repositories in DEFAULT mode.
2024-09-27T12:05:02.827-05:00  INFO 11636 --- [cashout] [    Test worker] .s.d.r.c.RepositoryConfigurationDelegate : Finished Spring Data repository scanning in 210 ms. Found 4 Reactive MongoDB repository interfaces.
2024-09-27T12:05:02.834-05:00  INFO 11636 --- [cashout] [    Test worker] .s.d.r.c.RepositoryConfigurationDelegate : Multiple Spring Data modules found, entering strict repository configuration mode
2024-09-27T12:05:02.834-05:00  INFO 11636 --- [cashout] [    Test worker] .s.d.r.c.RepositoryConfigurationDelegate : Bootstrapping Spring Data MongoDB repositories in DEFAULT mode.
2024-09-27T12:05:02.840-05:00  INFO 11636 --- [cashout] [    Test worker] .s.d.r.c.RepositoryConfigurationDelegate : Finished Spring Data repository scanning in 5 ms. Found 0 MongoDB repository interfaces.
2024-09-27T12:05:03.046-05:00  INFO 11636 --- [cashout] [    Test worker] o.s.cloud.context.scope.GenericScope     : BeanFactory id=3944e651-d3f4-3559-99d8-f6558eb7e5a6
2024-09-27T12:05:03.310-05:00  INFO 11636 --- [cashout] [    Test worker] com.zaxxer.hikari.HikariDataSource       : HikariPool-1 - Starting...
2024-09-27T12:05:03.554-05:00  INFO 11636 --- [cashout] [    Test worker] com.zaxxer.hikari.pool.HikariPool        : HikariPool-1 - Added connection conn0: url=jdbc:h2:mem:b198e3ba-40cb-4185-9e90-462e88a8971c user=SA
2024-09-27T12:05:03.556-05:00  INFO 11636 --- [cashout] [    Test worker] com.zaxxer.hikari.HikariDataSource       : HikariPool-1 - Start completed.
2024-09-27T12:05:03.621-05:00  INFO 11636 --- [cashout] [    Test worker] o.hibernate.jpa.internal.util.LogHelper  : HHH000204: Processing PersistenceUnitInfo [name: default]
2024-09-27T12:05:03.693-05:00  INFO 11636 --- [cashout] [    Test worker] org.hibernate.Version                    : HHH000412: Hibernate ORM core version 6.5.3.Final
2024-09-27T12:05:03.736-05:00  INFO 11636 --- [cashout] [    Test worker] o.h.c.internal.RegionFactoryInitiator    : HHH000026: Second-level cache disabled
2024-09-27T12:05:04.095-05:00  INFO 11636 --- [cashout] [    Test worker] o.s.o.j.p.SpringPersistenceUnitInfo      : No LoadTimeWeaver setup: ignoring JPA class transformer
2024-09-27T12:05:04.489-05:00  INFO 11636 --- [cashout] [    Test worker] o.h.e.t.j.p.i.JtaPlatformInitiator       : HHH000489: No JTA platform available (set 'hibernate.transaction.jta.platform' to enable JTA platform integration)
2024-09-27T12:05:04.495-05:00  INFO 11636 --- [cashout] [    Test worker] j.LocalContainerEntityManagerFactoryBean : Initialized JPA EntityManagerFactory for persistence unit 'default'
2024-09-27T12:05:04.795-05:00  INFO 11636 --- [cashout] [br2.mongodb.net] org.mongodb.driver.cluster               : Adding discovered server clusterdigitalbanking-shard-00-00.fkbr2.mongodb.net:27017 to client view of cluster
2024-09-27T12:05:04.834-05:00  INFO 11636 --- [cashout] [    Test worker] org.mongodb.driver.client                : MongoClient with metadata {"driver": {"name": "mongo-java-driver|reactive-streams|spring-boot", "version": "5.0.1"}, "os": {"type": "Windows", "name": "Windows 11", "architecture": "amd64", "version": "10.0"}, "platform": "Java/Amazon.com Inc./17.0.12+7-LTS"} created with settings MongoClientSettings{readPreference=primary, writeConcern=WriteConcern{w=null, wTimeout=null ms, journal=null}, retryWrites=true, retryReads=true, readConcern=ReadConcern{level=null}, credential=MongoCredential{mechanism=null, userName='lvgarzong', source='admin', password=<hidden>, mechanismProperties=<hidden>}, transportSettings=NettyTransportSettings{eventLoopGroup=io.netty.channel.nio.NioEventLoopGroup@5a24390b, socketChannelClass=null, allocator=null, sslContext=null}, commandListeners=[], codecRegistry=ProvidersCodecRegistry{codecProviders=[ValueCodecProvider{}, BsonValueCodecProvider{}, DBRefCodecProvider{}, DBObjectCodecProvider{}, DocumentCodecProvider{}, CollectionCodecProvider{}, IterableCodecProvider{}, MapCodecProvider{}, GeoJsonCodecProvider{}, GridFSFileCodecProvider{}, Jsr310CodecProvider{}, JsonObjectCodecProvider{}, BsonCodecProvider{}, EnumCodecProvider{}, com.mongodb.client.model.mql.ExpressionCodecProvider@446f3a53, com.mongodb.Jep395RecordCodecProvider@4c3fcbe7, com.mongodb.KotlinCodecProvider@1e592ef2]}, loggerSettings=LoggerSettings{maxDocumentLength=1000}, clusterSettings={hosts=[127.0.0.1:27017], srvHost=clusterdigitalbanking.fkbr2.mongodb.net, srvServiceName=mongodb, mode=MULTIPLE, requiredClusterType=REPLICA_SET, requiredReplicaSetName='atlas-emfuye-shard-0', serverSelector='null', clusterListeners='[]', serverSelectionTimeout='30000 ms', localThreshold='15 ms'}, socketSettings=SocketSettings{connectTimeoutMS=10000, readTimeoutMS=0, receiveBufferSize=0, proxySettings=ProxySettings{host=null, port=null, username=null, password=null}}, heartbeatSocketSettings=SocketSettings{connectTimeoutMS=10000, readTimeoutMS=10000, receiveBufferSize=0, proxySettings=ProxySettings{host=null, port=null, username=null, password=null}}, connectionPoolSettings=ConnectionPoolSettings{maxSize=100, minSize=0, maxWaitTimeMS=120000, maxConnectionLifeTimeMS=0, maxConnectionIdleTimeMS=0, maintenanceInitialDelayMS=0, maintenanceFrequencyMS=60000, connectionPoolListeners=[], maxConnecting=2}, serverSettings=ServerSettings{heartbeatFrequencyMS=10000, minHeartbeatFrequencyMS=500, serverListeners='[]', serverMonitorListeners='[]'}, sslSettings=SslSettings{enabled=true, invalidHostNameAllowed=false, context=null}, applicationName='null', compressorList=[], uuidRepresentation=JAVA_LEGACY, serverApi=null, autoEncryptionSettings=null, dnsClient=null, inetAddressResolver=null, contextProvider=null}
2024-09-27T12:05:04.847-05:00  INFO 11636 --- [cashout] [br2.mongodb.net] org.mongodb.driver.cluster               : Adding discovered server clusterdigitalbanking-shard-00-01.fkbr2.mongodb.net:27017 to client view of cluster
2024-09-27T12:05:04.852-05:00  INFO 11636 --- [cashout] [br2.mongodb.net] org.mongodb.driver.cluster               : Adding discovered server clusterdigitalbanking-shard-00-02.fkbr2.mongodb.net:27017 to client view of cluster
2024-09-27T12:05:05.061-05:00  INFO 11636 --- [cashout] [br2.mongodb.net] org.mongodb.driver.cluster               : Adding discovered server clusterdigitalbanking-shard-00-00.fkbr2.mongodb.net:27017 to client view of cluster
2024-09-27T12:05:05.064-05:00  INFO 11636 --- [cashout] [    Test worker] org.mongodb.driver.client                : MongoClient with metadata {"driver": {"name": "mongo-java-driver|sync|spring-boot", "version": "5.0.1"}, "os": {"type": "Windows", "name": "Windows 11", "architecture": "amd64", "version": "10.0"}, "platform": "Java/Amazon.com Inc./17.0.12+7-LTS"} created with settings MongoClientSettings{readPreference=primary, writeConcern=WriteConcern{w=null, wTimeout=null ms, journal=null}, retryWrites=true, retryReads=true, readConcern=ReadConcern{level=null}, credential=MongoCredential{mechanism=null, userName='lvgarzong', source='admin', password=<hidden>, mechanismProperties=<hidden>}, transportSettings=NettyTransportSettings{eventLoopGroup=io.netty.channel.nio.NioEventLoopGroup@2c86b0ea, socketChannelClass=null, allocator=null, sslContext=null}, commandListeners=[], codecRegistry=ProvidersCodecRegistry{codecProviders=[ValueCodecProvider{}, BsonValueCodecProvider{}, DBRefCodecProvider{}, DBObjectCodecProvider{}, DocumentCodecProvider{}, CollectionCodecProvider{}, IterableCodecProvider{}, MapCodecProvider{}, GeoJsonCodecProvider{}, GridFSFileCodecProvider{}, Jsr310CodecProvider{}, JsonObjectCodecProvider{}, BsonCodecProvider{}, EnumCodecProvider{}, com.mongodb.client.model.mql.ExpressionCodecProvider@446f3a53, com.mongodb.Jep395RecordCodecProvider@4c3fcbe7, com.mongodb.KotlinCodecProvider@1e592ef2]}, loggerSettings=LoggerSettings{maxDocumentLength=1000}, clusterSettings={hosts=[127.0.0.1:27017], srvHost=clusterdigitalbanking.fkbr2.mongodb.net, srvServiceName=mongodb, mode=MULTIPLE, requiredClusterType=REPLICA_SET, requiredReplicaSetName='atlas-emfuye-shard-0', serverSelector='null', clusterListeners='[]', serverSelectionTimeout='30000 ms', localThreshold='15 ms'}, socketSettings=SocketSettings{connectTimeoutMS=10000, readTimeoutMS=0, receiveBufferSize=0, proxySettings=ProxySettings{host=null, port=null, username=null, password=null}}, heartbeatSocketSettings=SocketSettings{connectTimeoutMS=10000, readTimeoutMS=10000, receiveBufferSize=0, proxySettings=ProxySettings{host=null, port=null, username=null, password=null}}, connectionPoolSettings=ConnectionPoolSettings{maxSize=100, minSize=0, maxWaitTimeMS=120000, maxConnectionLifeTimeMS=0, maxConnectionIdleTimeMS=0, maintenanceInitialDelayMS=0, maintenanceFrequencyMS=60000, connectionPoolListeners=[], maxConnecting=2}, serverSettings=ServerSettings{heartbeatFrequencyMS=10000, minHeartbeatFrequencyMS=500, serverListeners='[]', serverMonitorListeners='[]'}, sslSettings=SslSettings{enabled=true, invalidHostNameAllowed=false, context=null}, applicationName='null', compressorList=[], uuidRepresentation=JAVA_LEGACY, serverApi=null, autoEncryptionSettings=null, dnsClient=null, inetAddressResolver=null, contextProvider=null}
2024-09-27T12:05:05.065-05:00  INFO 11636 --- [cashout] [br2.mongodb.net] org.mongodb.driver.cluster               : Adding discovered server clusterdigitalbanking-shard-00-01.fkbr2.mongodb.net:27017 to client view of cluster
2024-09-27T12:05:05.068-05:00  INFO 11636 --- [cashout] [br2.mongodb.net] org.mongodb.driver.cluster               : Adding discovered server clusterdigitalbanking-shard-00-02.fkbr2.mongodb.net:27017 to client view of cluster
2024-09-27T12:05:06.318-05:00  INFO 11636 --- [cashout] [ngodb.net:27017] org.mongodb.driver.cluster               : Monitor thread successfully connected to server with description ServerDescription{address=clusterdigitalbanking-shard-00-00.fkbr2.mongodb.net:27017, type=REPLICA_SET_SECONDARY, state=CONNECTED, ok=true, minWireVersion=0, maxWireVersion=21, maxDocumentSize=16777216, logicalSessionTimeoutMinutes=30, roundTripTimeNanos=671129700, setName='atlas-emfuye-shard-0', canonicalAddress=clusterdigitalbanking-shard-00-00.fkbr2.mongodb.net:27017, hosts=[clusterdigitalbanking-shard-00-01.fkbr2.mongodb.net:27017, clusterdigitalbanking-shard-00-00.fkbr2.mongodb.net:27017, clusterdigitalbanking-shard-00-02.fkbr2.mongodb.net:27017], passives=[], arbiters=[], primary='clusterdigitalbanking-shard-00-01.fkbr2.mongodb.net:27017', tagSet=TagSet{[Tag{name='availabilityZone', value='use1-az6'}, Tag{name='diskState', value='READY'}, Tag{name='nodeType', value='ELECTABLE'}, Tag{name='provider', value='AWS'}, Tag{name='region', value='US_EAST_1'}, Tag{name='workloadType', value='OPERATIONAL'}]}, electionId=null, setVersion=83, topologyVersion=TopologyVersion{processId=66f2c08bfdab9c6694451465, counter=4}, lastWriteDate=Fri Sep 27 12:05:06 COT 2024, lastUpdateTimeNanos=57297499388800}
2024-09-27T12:05:06.318-05:00  INFO 11636 --- [cashout] [ngodb.net:27017] org.mongodb.driver.cluster               : Monitor thread successfully connected to server with description ServerDescription{address=clusterdigitalbanking-shard-00-01.fkbr2.mongodb.net:27017, type=REPLICA_SET_PRIMARY, state=CONNECTED, ok=true, minWireVersion=0, maxWireVersion=21, maxDocumentSize=16777216, logicalSessionTimeoutMinutes=30, roundTripTimeNanos=671924200, setName='atlas-emfuye-shard-0', canonicalAddress=clusterdigitalbanking-shard-00-01.fkbr2.mongodb.net:27017, hosts=[clusterdigitalbanking-shard-00-01.fkbr2.mongodb.net:27017, clusterdigitalbanking-shard-00-00.fkbr2.mongodb.net:27017, clusterdigitalbanking-shard-00-02.fkbr2.mongodb.net:27017], passives=[], arbiters=[], primary='clusterdigitalbanking-shard-00-01.fkbr2.mongodb.net:27017', tagSet=TagSet{[Tag{name='availabilityZone', value='use1-az1'}, Tag{name='diskState', value='READY'}, Tag{name='nodeType', value='ELECTABLE'}, Tag{name='provider', value='AWS'}, Tag{name='region', value='US_EAST_1'}, Tag{name='workloadType', value='OPERATIONAL'}]}, electionId=7fffffff000000000000014b, setVersion=83, topologyVersion=TopologyVersion{processId=66f2bf702c5230801bcd291b, counter=6}, lastWriteDate=Fri Sep 27 12:05:06 COT 2024, lastUpdateTimeNanos=57297505168400}
2024-09-27T12:05:06.318-05:00  INFO 11636 --- [cashout] [ngodb.net:27017] org.mongodb.driver.cluster               : Monitor thread successfully connected to server with description ServerDescription{address=clusterdigitalbanking-shard-00-02.fkbr2.mongodb.net:27017, type=REPLICA_SET_SECONDARY, state=CONNECTED, ok=true, minWireVersion=0, maxWireVersion=21, maxDocumentSize=16777216, logicalSessionTimeoutMinutes=30, roundTripTimeNanos=666539900, setName='atlas-emfuye-shard-0', canonicalAddress=clusterdigitalbanking-shard-00-02.fkbr2.mongodb.net:27017, hosts=[clusterdigitalbanking-shard-00-01.fkbr2.mongodb.net:27017, clusterdigitalbanking-shard-00-00.fkbr2.mongodb.net:27017, clusterdigitalbanking-shard-00-02.fkbr2.mongodb.net:27017], passives=[], arbiters=[], primary='clusterdigitalbanking-shard-00-01.fkbr2.mongodb.net:27017', tagSet=TagSet{[Tag{name='availabilityZone', value='use1-az2'}, Tag{name='diskState', value='READY'}, Tag{name='nodeType', value='ELECTABLE'}, Tag{name='provider', value='AWS'}, Tag{name='region', value='US_EAST_1'}, Tag{name='workloadType', value='OPERATIONAL'}]}, electionId=null, setVersion=83, topologyVersion=TopologyVersion{processId=66f2c1e9f96e4ea1bafa1649, counter=3}, lastWriteDate=Fri Sep 27 12:05:06 COT 2024, lastUpdateTimeNanos=57297499388000}
2024-09-27T12:05:06.318-05:00  INFO 11636 --- [cashout] [ngodb.net:27017] org.mongodb.driver.cluster               : Monitor thread successfully connected to server with description ServerDescription{address=clusterdigitalbanking-shard-00-00.fkbr2.mongodb.net:27017, type=REPLICA_SET_SECONDARY, state=CONNECTED, ok=true, minWireVersion=0, maxWireVersion=21, maxDocumentSize=16777216, logicalSessionTimeoutMinutes=30, roundTripTimeNanos=677667500, setName='atlas-emfuye-shard-0', canonicalAddress=clusterdigitalbanking-shard-00-00.fkbr2.mongodb.net:27017, hosts=[clusterdigitalbanking-shard-00-01.fkbr2.mongodb.net:27017, clusterdigitalbanking-shard-00-00.fkbr2.mongodb.net:27017, clusterdigitalbanking-shard-00-02.fkbr2.mongodb.net:27017], passives=[], arbiters=[], primary='clusterdigitalbanking-shard-00-01.fkbr2.mongodb.net:27017', tagSet=TagSet{[Tag{name='availabilityZone', value='use1-az6'}, Tag{name='diskState', value='READY'}, Tag{name='nodeType', value='ELECTABLE'}, Tag{name='provider', value='AWS'}, Tag{name='region', value='US_EAST_1'}, Tag{name='workloadType', value='OPERATIONAL'}]}, electionId=null, setVersion=83, topologyVersion=TopologyVersion{processId=66f2c08bfdab9c6694451465, counter=4}, lastWriteDate=Fri Sep 27 12:05:06 COT 2024, lastUpdateTimeNanos=57297506002100}
2024-09-27T12:05:06.324-05:00  INFO 11636 --- [cashout] [ngodb.net:27017] org.mongodb.driver.cluster               : Discovered replica set primary clusterdigitalbanking-shard-00-01.fkbr2.mongodb.net:27017 with max election id 7fffffff000000000000014b and max set version 83
2024-09-27T12:05:06.488-05:00  INFO 11636 --- [cashout] [ngodb.net:27017] org.mongodb.driver.cluster               : Monitor thread successfully connected to server with description ServerDescription{address=clusterdigitalbanking-shard-00-02.fkbr2.mongodb.net:27017, type=REPLICA_SET_SECONDARY, state=CONNECTED, ok=true, minWireVersion=0, maxWireVersion=21, maxDocumentSize=16777216, logicalSessionTimeoutMinutes=30, roundTripTimeNanos=856581400, setName='atlas-emfuye-shard-0', canonicalAddress=clusterdigitalbanking-shard-00-02.fkbr2.mongodb.net:27017, hosts=[clusterdigitalbanking-shard-00-01.fkbr2.mongodb.net:27017, clusterdigitalbanking-shard-00-00.fkbr2.mongodb.net:27017, clusterdigitalbanking-shard-00-02.fkbr2.mongodb.net:27017], passives=[], arbiters=[], primary='clusterdigitalbanking-shard-00-01.fkbr2.mongodb.net:27017', tagSet=TagSet{[Tag{name='availabilityZone', value='use1-az2'}, Tag{name='diskState', value='READY'}, Tag{name='nodeType', value='ELECTABLE'}, Tag{name='provider', value='AWS'}, Tag{name='region', value='US_EAST_1'}, Tag{name='workloadType', value='OPERATIONAL'}]}, electionId=null, setVersion=83, topologyVersion=TopologyVersion{processId=66f2c1e9f96e4ea1bafa1649, counter=3}, lastWriteDate=Fri Sep 27 12:05:06 COT 2024, lastUpdateTimeNanos=57297684841300}
2024-09-27T12:05:06.913-05:00  INFO 11636 --- [cashout] [ngodb.net:27017] org.mongodb.driver.cluster               : Monitor thread successfully connected to server with description ServerDescription{address=clusterdigitalbanking-shard-00-01.fkbr2.mongodb.net:27017, type=REPLICA_SET_PRIMARY, state=CONNECTED, ok=true, minWireVersion=0, maxWireVersion=21, maxDocumentSize=16777216, logicalSessionTimeoutMinutes=30, roundTripTimeNanos=1276825400, setName='atlas-emfuye-shard-0', canonicalAddress=clusterdigitalbanking-shard-00-01.fkbr2.mongodb.net:27017, hosts=[clusterdigitalbanking-shard-00-01.fkbr2.mongodb.net:27017, clusterdigitalbanking-shard-00-00.fkbr2.mongodb.net:27017, clusterdigitalbanking-shard-00-02.fkbr2.mongodb.net:27017], passives=[], arbiters=[], primary='clusterdigitalbanking-shard-00-01.fkbr2.mongodb.net:27017', tagSet=TagSet{[Tag{name='availabilityZone', value='use1-az1'}, Tag{name='diskState', value='READY'}, Tag{name='nodeType', value='ELECTABLE'}, Tag{name='provider', value='AWS'}, Tag{name='region', value='US_EAST_1'}, Tag{name='workloadType', value='OPERATIONAL'}]}, electionId=7fffffff000000000000014b, setVersion=83, topologyVersion=TopologyVersion{processId=66f2bf702c5230801bcd291b, counter=6}, lastWriteDate=Fri Sep 27 12:05:06 COT 2024, lastUpdateTimeNanos=57298110080700}
2024-09-27T12:05:06.914-05:00  INFO 11636 --- [cashout] [ngodb.net:27017] org.mongodb.driver.cluster               : Discovered replica set primary clusterdigitalbanking-shard-00-01.fkbr2.mongodb.net:27017 with max election id 7fffffff000000000000014b and max set version 83
2024-09-27T12:05:07.699-05:00  INFO 11636 --- [cashout] [    Test worker] o.s.cloud.commons.util.InetUtils         : Cannot determine local hostname
2024-09-27T12:05:09.299-05:00  INFO 11636 --- [cashout] [    Test worker] o.s.cloud.commons.util.InetUtils         : Cannot determine local hostname
2024-09-27T12:05:09.440-05:00  INFO 11636 --- [cashout] [    Test worker] c.r.c.c.CashoutControllerIntegrationTest : Started CashoutControllerIntegrationTest in 9.425 seconds (process running for 11.297)
]]></system-out>
  <system-err><![CDATA[]]></system-err>
</testsuite>
